<?xml version="1.0" encoding="UTF-8"?>
<testsuite name="tests.ExampleTest" tests="1" skipped="0" failures="0" errors="0" timestamp="2026-09-01T06:48:26.570Z" hostname="VIT-SYS-332" time="1.083">
  <properties/>
  <testcase name="verifyExampleWebsiteTitle()" classname="tests.ExampleTest" time="1.071"/>
  <system-out><![CDATA[Page Title = Example Domain
]]></system-out>
  <system-err><![CDATA[Sept 01, 2026 12:18:27 PM org.openqa.selenium.devtools.CdpVersionFinder findNearestMatch
WARNING: Unable to find CDP implementation matching 151
Sept 01, 2026 12:18:27 PM org.openqa.selenium.chromium.ChromiumDriver lambda$new$4
WARNING: Unable to find version of CDP to use for 151.0.7922.174. You may need to include a dependency on a specific version of the CDP using something similar to `org.seleniumhq.selenium:selenium-devtools-v86:4.35.0` where the version ("v86") matches the version of the chromium-based browser you're using and the version number of the artifact is the same as Selenium's.
]]></system-err>
</testsuite>
